<?xml version="1.0" encoding="UTF-8"?>
<testng-results ignored="0" total="2" passed="2" failed="0" skipped="0">
  <reporter-output>
  </reporter-output>
  <suite started-at="2024-02-27T09:44:38 EST" name="Default suite" finished-at="2024-02-27T09:44:59 EST" duration-ms="20623">
    <groups>
    </groups>
    <test started-at="2024-02-27T09:44:38 EST" name="Default test" finished-at="2024-02-27T09:44:59 EST" duration-ms="20623">
      <class name="pages.HomePageTest">
        <test-method is-config="true" signature="setUp()[pri:0, instance:pages.HomePageTest@470734c3]" started-at="2024-02-27T09:44:38 EST" name="setUp" finished-at="2024-02-27T09:44:45 EST" duration-ms="6882" status="PASS">
          <reporter-output>
          </reporter-output>
        </test-method> <!-- setUp -->
        <test-method signature="clickSignInFeildTest()[pri:1, instance:pages.HomePageTest@470734c3]" started-at="2024-02-27T09:44:45 EST" name="clickSignInFeildTest" finished-at="2024-02-27T09:44:48 EST" duration-ms="3227" status="PASS">
          <reporter-output>
          </reporter-output>
        </test-method> <!-- clickSignInFeildTest -->
        <test-method is-config="true" signature="tearUp()[pri:0, instance:pages.HomePageTest@470734c3]" started-at="2024-02-27T09:44:49 EST" name="tearUp" finished-at="2024-02-27T09:44:49 EST" duration-ms="369" status="PASS">
          <reporter-output>
          </reporter-output>
        </test-method> <!-- tearUp -->
        <test-method is-config="true" signature="setUp()[pri:0, instance:pages.HomePageTest@470734c3]" started-at="2024-02-27T09:44:49 EST" name="setUp" finished-at="2024-02-27T09:44:55 EST" duration-ms="6316" status="PASS">
          <reporter-output>
          </reporter-output>
        </test-method> <!-- setUp -->
        <test-method signature="clickSearchFieldTest()[pri:2, instance:pages.HomePageTest@470734c3]" started-at="2024-02-27T09:44:55 EST" name="clickSearchFieldTest" finished-at="2024-02-27T09:44:58 EST" duration-ms="3263" status="PASS">
          <reporter-output>
          </reporter-output>
        </test-method> <!-- clickSearchFieldTest -->
        <test-method is-config="true" signature="tearUp()[pri:0, instance:pages.HomePageTest@470734c3]" started-at="2024-02-27T09:44:58 EST" name="tearUp" finished-at="2024-02-27T09:44:59 EST" duration-ms="432" status="PASS">
          <reporter-output>
          </reporter-output>
        </test-method> <!-- tearUp -->
      </class> <!-- pages.HomePageTest -->
    </test> <!-- Default test -->
  </suite> <!-- Default suite -->
</testng-results>
